2023-08-06 00:58:06.922161 - Initialized conversion of CBT1016
2023-08-06 00:58:07.135002 - Received CBT.V505.FILE1016.PDS from FILE1016.XMI 
2023-08-06 00:58:07.137561 - Found $$$#DATE.txt (text/plain) in CBT.V505.FILE1016.PDS, moved to PDS/$$$#DATE
2023-08-06 00:58:07.138505 - Found $$NOTE01.txt (text/plain) in CBT.V505.FILE1016.PDS, moved to PDS/$$NOTE01
2023-08-06 00:58:07.139545 - Found $$NOTE02.txt (text/plain) in CBT.V505.FILE1016.PDS, moved to PDS/$$NOTE02
2023-08-06 00:58:07.140617 - Found $DOC.txt (text/plain) in CBT.V505.FILE1016.PDS, moved to PDS/$DOC
2023-08-06 00:58:07.141617 - Found @FIL1016.txt (text/plain) in CBT.V505.FILE1016.PDS, moved to PDS/@FIL1016
2023-08-06 00:58:07.171167 - Found ALLOCVOL.xmi (application/xmit) in CBT.V505.FILE1016.PDS
2023-08-06 00:58:07.177523   - Received to CBT1016/CBT.PDS
2023-08-06 00:58:07.228380 - Found DSSTAT.xmi (application/xmit) in CBT.V505.FILE1016.PDS
2023-08-06 00:58:07.236356   - Received to CBT1016/CBT.PDS
2023-08-06 00:58:07.275068 - Found FINDCMD.xmi (application/xmit) in CBT.V505.FILE1016.PDS
2023-08-06 00:58:07.284459   - Received to CBT1016/CBT.PDS
2023-08-06 00:58:07.315442 - Found FREESYS.xmi (application/xmit) in CBT.V505.FILE1016.PDS
2023-08-06 00:58:07.324702   - Received to CBT1016/CBT.PDS
2023-08-06 00:58:07.398234 - Found IDUMP.xmi (application/xmit) in CBT.V505.FILE1016.PDS
2023-08-06 00:58:07.407407   - Received to CBT1016/CBT.PDS
2023-08-06 00:58:07.431556 - Found INVCP.xmi (application/xmit) in CBT.V505.FILE1016.PDS
2023-08-06 00:58:07.440197   - Received to CBT1016/CBT.PDS
2023-08-06 00:58:07.518823 - Found KEEPITUP.xmi (application/xmit) in CBT.V505.FILE1016.PDS
2023-08-06 00:58:07.528586   - Received to CBT1016/CBT.PDS
2023-08-06 00:58:07.572896 - Found LISTTSOU.xmi (application/xmit) in CBT.V505.FILE1016.PDS
2023-08-06 00:58:07.582155   - Received to CBT1016/CBT.PDS
2023-08-06 00:58:07.646728 - Found LMATTR.xmi (application/xmit) in CBT.V505.FILE1016.PDS
2023-08-06 00:58:07.655713   - Received to CBT1016/CBT.PDS
2023-08-06 00:58:07.707902 - Found LOGTIMED.xmi (application/xmit) in CBT.V505.FILE1016.PDS
2023-08-06 00:58:07.716742   - Received to CBT1016/CBT.PDS
2023-08-06 00:58:07.749147 - Found RESETPDS.xmi (application/xmit) in CBT.V505.FILE1016.PDS
2023-08-06 00:58:07.757637   - Received to CBT1016/CBT.PDS
2023-08-06 00:58:07.795034 - Found TIOT.xmi (application/xmit) in CBT.V505.FILE1016.PDS
2023-08-06 00:58:07.803410   - Received to CBT1016/CBT.PDS
2023-08-06 00:58:07.826125 - Found TSO.xmi (application/xmit) in CBT.V505.FILE1016.PDS
2023-08-06 00:58:07.834566   - Received to CBT1016/CBT.PDS
2023-08-06 00:58:07.875759 - Found TSOLPDIR.xmi (application/xmit) in CBT.V505.FILE1016.PDS
2023-08-06 00:58:07.884150   - Received to CBT1016/CBT.PDS
2023-08-06 00:58:07.910153 - Found XI.xmi (application/xmit) in CBT.V505.FILE1016.PDS
2023-08-06 00:58:07.918913   - Received to CBT1016/CBT.PDS
